<?xml version="1.0" encoding="UTF-8"?>
<coverage generated="1715914806794" clover="3.2.0">
  <project timestamp="1715914806794" name="All files">
    <metrics statements="5" coveredstatements="4" conditionals="0" coveredconditionals="0" methods="3" coveredmethods="2" elements="8" coveredelements="6" complexity="0" loc="5" ncloc="5" packages="1" files="2" classes="2"/>
    <file name="Contact.js" path="C:\Users\p.kishor.nagthane\Desktop\Desktop\Foodly\src\components\Contact.js">
      <metrics statements="3" coveredstatements="2" conditionals="0" coveredconditionals="0" methods="2" coveredmethods="1"/>
      <line num="1" count="1" type="stmt"/>
      <line num="2" count="3" type="stmt"/>
      <line num="7" count="0" type="stmt"/>
    </file>
    <file name="Sum.js" path="C:\Users\p.kishor.nagthane\Desktop\Desktop\Foodly\src\components\Sum.js">
      <metrics statements="2" coveredstatements="2" conditionals="0" coveredconditionals="0" methods="1" coveredmethods="1"/>
      <line num="1" count="1" type="stmt"/>
      <line num="2" count="1" type="stmt"/>
    </file>
  </project>
</coverage>
