{"C:\\Users\\p.kishor.nagthane\\Desktop\\Desktop\\Foodly\\src\\components\\Contact.js": {"path":"C:\\Users\\p.kishor.nagthane\\Desktop\\Desktop\\Foodly\\src\\components\\Contact.js","statementMap":{"0":{"start":{"line":1,"column":16},"end":{"line":31,"column":1}},"1":{"start":{"line":2,"column":4},"end":{"line":30,"column":5}},"2":{"start":{"line":7,"column":16},"end":{"line":7,"column":34}}},"fnMap":{"0":{"name":"(anonymous_0)","decl":{"start":{"line":1,"column":16},"end":{"line":1,"column":17}},"loc":{"start":{"line":1,"column":22},"end":{"line":31,"column":1}},"line":1},"1":{"name":"(anonymous_1)","decl":{"start":{"line":6,"column":98},"end":{"line":6,"column":99}},"loc":{"start":{"line":6,"column":105},"end":{"line":8,"column":13}},"line":6}},"branchMap":{},"s":{"0":1,"1":3,"2":0},"f":{"0":3,"1":0},"b":{},"_coverageSchema":"1a1c01bbd47fc00a2c39e90264f33305004495a9","hash":"30bcd17ab12156d67d33f7ceeb55077b9d077c53"}
,"C:\\Users\\p.kishor.nagthane\\Desktop\\Desktop\\Foodly\\src\\components\\Sum.js": {"path":"C:\\Users\\p.kishor.nagthane\\Desktop\\Desktop\\Foodly\\src\\components\\Sum.js","statementMap":{"0":{"start":{"line":1,"column":19},"end":{"line":3,"column":1}},"1":{"start":{"line":2,"column":4},"end":{"line":2,"column":17}}},"fnMap":{"0":{"name":"(anonymous_0)","decl":{"start":{"line":1,"column":19},"end":{"line":1,"column":20}},"loc":{"start":{"line":1,"column":29},"end":{"line":3,"column":1}},"line":1}},"branchMap":{},"s":{"0":1,"1":1},"f":{"0":1},"b":{},"_coverageSchema":"1a1c01bbd47fc00a2c39e90264f33305004495a9","hash":"63e36fcfc1c281b1e2995b7f1c9e746b0ba8f4f1"}
}
